<?xml version="1.0" encoding="UTF-8"?>
<aiml>
    <category><pattern>LIST</pattern><template>สวัสดี  //  ลองดู  //  ลองทำ  //  ดีมาก  //</template></category>
    
    <category><pattern>สวัสดี</pattern><template>ดี</template></category>
    
    <category><pattern>พีช</pattern><template>https://www.facebook.com/peachs.we/</template></category>
    
    <category><pattern>เกรท</pattern><template>https://www.facebook.com/wijak.piyalertmongkol</template></category>
    
    <category><pattern>งานทั้งหมด</pattern><template>https://docs.google.com/spreadsheets/d/1RxmYBrvnbKvw-7HrG9vWF4x3bYOYD98CT4YOLwJfz4A/edit#gid=0</template></category>
    
    <category><pattern>คำนวณค่า BMI</pattern><template>โปรดระบุ(ส่วนสูงคือ???)</template></category>
    
    <category><pattern>ส่วนสูงคือ<set name='h'>*</set></pattern><template>โปรดระบุ(น้ำหนักคือ???)</template></category>
    
    <category><pattern>น้ำหนักคือ<set name='w'>*</set></pattern><template>ค่า BMI = (<get name='h'/>+<get name='w'/>)</template></category>
    
    <category><pattern>MY NAME IS <set name='clientName'>*</set></pattern><template>Hey <get name='clientName'/>!</template></category>
    
    <category><pattern>WHAT IS MY NAME</pattern><template>Your name is <get name='clientName'/></template></category>
    
    <category><pattern>WHO ARE YOU</pattern><template><srai>WHAT IS YOUR NAME</srai></template></category>
    
    <category><pattern>วันนี้กินอะไรดี</pattern><template><random><li>ข้าวมันไก่</li><li>ก๋วยเตี๋ยว</li><li>ข้าวหมูแดง</li><li>ข้าวหมูกรอบ</li><li>ข้าวกระเพรา</li><li>บอนชอน</li></random></template></category>
    
    <category><pattern>TEST SRAI IN RANDOM</pattern><template><random><li><srai>WHAT IS YOUR NAME</srai></li><li><srai>WHAT IS MY NAME</srai></li></random></template></category>
    
    <category><pattern>TEST WILDCARD *</pattern><template>Thanks for testing!</template></category>
    
    <category><pattern>TEST SR TAG</pattern><template><sr/></template></category>
    
    <category><pattern>TEST SR IN RANDOM</pattern><template><random><li><sr/></li></random></template></category>
    
    <category><pattern>TEST THE STAR TAG</pattern><template><star/></template></category>
    
    <category><pattern>TEST THE THAT TAG</pattern><template>I start testing that.</template></category>
    
    <category><pattern>TEST THAT-TAG. MATCH</pattern><that>I start testing that.</that><template>That matched quite well!</template></category>
    
    <category><pattern>TEST THAT-TAG. DONT MATCH</pattern><that>I found something.</that><template>Sorry, that did not match!</template></category>
    
    <category><pattern>YOU FEEL <set name='state'>*</set></pattern><template>I feel <get name='state'/>!</template></category>
    
    <category><pattern>HOW ARE YOU FEELING TODAY</pattern><template><condition name='state' value='happy'>I am happy!</condition><condition name='state' value='sad'>I am sad!</condition></template></category>
    
    <category><pattern>TELL ME ABOUT YOUR FEELINGS</pattern><template><condition><li name='state' value='happy'>I am happy!</li><li name='state' value='sad'>I am sad!</li><li>I kinda feel nothing</li></condition></template></category>
    
    <category><pattern>WHAT IS YOUR FEELING TODAY</pattern><template><condition name='state'><li value='happy'>Feeling happy!</li><li value='sad'>Feeling sad today</li><li>I don't feel anything</li></condition></template></category>
    
    <category><pattern>EXPLAIN *</pattern><template>Sorry, I do not have a clue</template></category>
    
    <category><pattern>*</pattern><template>I found nothing.</template></category>
</aiml>